#
# There is insufficient memory for the Java Runtime Environment to continue.
# Native memory allocation (mmap) failed to map 335544320 bytes for G1 virtual space
# Possible reasons:
#   The system is out of physical RAM or swap space
#   The process is running with CompressedOops enabled, and the Java Heap may be blocking the growth of the native heap
# Possible solutions:
#   Reduce memory load on the system
#   Increase physical memory or swap space
#   Check if swap backing store is full
#   Decrease Java heap size (-Xmx/-Xms)
#   Decrease number of Java threads
#   Decrease Java thread stack sizes (-Xss)
#   Set larger code cache with -XX:ReservedCodeCacheSize=
#   JVM is running with Zero Based Compressed Oops mode in which the Java heap is
#     placed in the first 32GB address space. The Java Heap base address is the
#     maximum limit for the native heap growth. Please use -XX:HeapBaseMinAddress
#     to set the Java Heap base and to place the Java Heap above 32GB virtual address.
# This output file may be truncated or incomplete.
#
#  Out of Memory Error (os_windows.cpp:3600), pid=122892, tid=104028
#
# JRE version:  (21.0.4+8) (build )
# Java VM: Java HotSpot(TM) 64-Bit Server VM (21.0.4+8-LTS-274, mixed mode, sharing, tiered, compressed oops, compressed class ptrs, g1 gc, windows-amd64)
# No core dump will be written. Minidumps are not enabled by default on client versions of Windows
#

---------------  S U M M A R Y ------------

Command Line: my_company.memoria.jogador.MenuJogador

Host: Intel(R) Core(TM) i7-9750H CPU @ 2.60GHz, 12 cores, 19G,  Windows 11 , 64 bit Build 22621 (10.0.22621.4830)
Time: Wed Feb 19 01:17:44 2025 Hora oficial do Brasil elapsed time: 0.039678 seconds (0d 0h 0m 0s)

---------------  T H R E A D  ---------------

Current thread (0x0000018a839a0f30):  JavaThread "Unknown thread" [_thread_in_vm, id=104028, stack(0x0000002f52900000,0x0000002f52a00000) (1024K)]

Stack: [0x0000002f52900000,0x0000002f52a00000]
Native frames: (J=compiled Java code, j=interpreted, Vv=VM code, C=native code)
V  [jvm.dll+0x6c8e59]
V  [jvm.dll+0x853181]
V  [jvm.dll+0x8556ae]
V  [jvm.dll+0x855d83]
V  [jvm.dll+0x27d526]
V  [jvm.dll+0x6c55f5]
V  [jvm.dll+0x6ba17a]
V  [jvm.dll+0x352a8a]
V  [jvm.dll+0x35a6e6]
V  [jvm.dll+0x3acdae]
V  [jvm.dll+0x3ad058]
V  [jvm.dll+0x326dec]
V  [jvm.dll+0x32794b]
V  [jvm.dll+0x81c569]
V  [jvm.dll+0x3b9a11]
V  [jvm.dll+0x805948]
V  [jvm.dll+0x44ec5e]
V  [jvm.dll+0x450851]
C  [jli.dll+0x52a3]
C  [ucrtbase.dll+0x29333]
C  [KERNEL32.DLL+0x1259d]
C  [ntdll.dll+0x5af38]


---------------  P R O C E S S  ---------------

Threads class SMR info:
_java_thread_list=0x00007ffcaf2c6c08, length=0, elements={
}

Java Threads: ( => current thread )
Total: 0

Other Threads:
  0x0000018a85c1a770 WorkerThread "GC Thread#0"                     [id=118352, stack(0x0000002f52a00000,0x0000002f52b00000) (1024K)]
  0x0000018a85c25790 ConcurrentGCThread "G1 Main Marker"            [id=115616, stack(0x0000002f52b00000,0x0000002f52c00000) (1024K)]
  0x0000018a85c26a30 WorkerThread "G1 Conc#0"                       [id=117176, stack(0x0000002f52c00000,0x0000002f52d00000) (1024K)]

[error occurred during error reporting (printing all threads), id 0xc0000005, EXCEPTION_ACCESS_VIOLATION (0xc0000005) at pc=0x00007ffcaea39577]
VM state: not at safepoint (not fully initialized)

VM Mutex/Monitor currently owned by a thread:  ([mutex/lock_event])
[0x00007ffcaf337f98] Heap_lock - owner thread: 0x0000018a839a0f30

Heap address: 0x00000006c2c00000, size: 5076 MB, Compressed Oops mode: Zero based, Oop shift amount: 3

CDS archive(s) mapped at: [0x0000000000000000-0x0000000000000000-0x0000000000000000), size 0, SharedBaseAddress: 0x0000000800000000, ArchiveRelocationMode: 1.
Narrow klass base: 0x0000000000000000, Narrow klass shift: 0, Narrow klass range: 0x0

GC Precious Log:
 CardTable entry size: 512
 Card Set container configuration: InlinePtr #cards 4 size 8 Array Of Cards #cards 32 size 80 Howl #buckets 8 coarsen threshold 7372 Howl Bitmap #cards 1024 size 144 coarsen threshold 921 Card regions per heap region 1 cards per card region 8192

Heap:
 garbage-first heap   total 0K, used 0K [0x00000006c2c00000, 0x0000000800000000)
  region size 4096K, 0 young (0K), 0 survivors (0K)

[error occurred during error reporting (printing heap information), id 0xc0000005, EXCEPTION_ACCESS_VIOLATION (0xc0000005) at pc=0x00007ffcaee21df9]
GC Heap History (0 events):
No events

Dll operation events (1 events):
Event: 0.009 Loaded shared library C:\Program Files\Java\jdk-21\bin\java.dll

Deoptimization events (0 events):
No events

Classes loaded (0 events):
No events

Classes unloaded (0 events):
No events

Classes redefined (0 events):
No events

Internal exceptions (0 events):
No events

ZGC Phase Switch (0 events):
No events

VM Operations (0 events):
No events

Events (0 events):
No events


Dynamic libraries:
0x00007ff7c3f40000 - 0x00007ff7c3f50000 	C:\Program Files\Java\jdk-21\bin\java.exe
0x00007ffd41730000 - 0x00007ffd41947000 	C:\WINDOWS\SYSTEM32\ntdll.dll
0x00007ffd40600000 - 0x00007ffd406c4000 	C:\WINDOWS\System32\KERNEL32.DLL
0x00007ffd3ef00000 - 0x00007ffd3f2d0000 	C:\WINDOWS\System32\KERNELBASE.dll
0x00007ffd3eca0000 - 0x00007ffd3edb1000 	C:\WINDOWS\System32\ucrtbase.dll
0x00007ffd2e360000 - 0x00007ffd2e379000 	C:\Program Files\Java\jdk-21\bin\jli.dll
0x00007ffd2cec0000 - 0x00007ffd2cedb000 	C:\Program Files\Java\jdk-21\bin\VCRUNTIME140.dll
0x00007ffd414a0000 - 0x00007ffd41551000 	C:\WINDOWS\System32\ADVAPI32.dll
0x00007ffd40eb0000 - 0x00007ffd40f57000 	C:\WINDOWS\System32\msvcrt.dll
0x00007ffd3f700000 - 0x00007ffd3f7a7000 	C:\WINDOWS\System32\sechost.dll
0x00007ffd3f2d0000 - 0x00007ffd3f2f8000 	C:\WINDOWS\System32\bcrypt.dll
0x00007ffd41370000 - 0x00007ffd41484000 	C:\WINDOWS\System32\RPCRT4.dll
0x00007ffd40c50000 - 0x00007ffd40dfe000 	C:\WINDOWS\System32\USER32.dll
0x00007ffd3ebd0000 - 0x00007ffd3ebf6000 	C:\WINDOWS\System32\win32u.dll
0x00007ffd23c00000 - 0x00007ffd23e92000 	C:\WINDOWS\WinSxS\amd64_microsoft.windows.common-controls_6595b64144ccf1df_6.0.22621.4830_none_270fe7d773858e80\COMCTL32.dll
0x00007ffd416c0000 - 0x00007ffd416e9000 	C:\WINDOWS\System32\GDI32.dll
0x00007ffd3f300000 - 0x00007ffd3f41b000 	C:\WINDOWS\System32\gdi32full.dll
0x00007ffd3ec00000 - 0x00007ffd3ec9a000 	C:\WINDOWS\System32\msvcp_win.dll
0x00007ffd361c0000 - 0x00007ffd361ca000 	C:\WINDOWS\SYSTEM32\VERSION.dll
0x00007ffd3f7b0000 - 0x00007ffd3f7e1000 	C:\WINDOWS\System32\IMM32.DLL
0x00007ffd33950000 - 0x00007ffd3395c000 	C:\Program Files\Java\jdk-21\bin\vcruntime140_1.dll
0x00007ffcefd50000 - 0x00007ffcefdde000 	C:\Program Files\Java\jdk-21\bin\msvcp140.dll
0x00007ffcae700000 - 0x00007ffcaf413000 	C:\Program Files\Java\jdk-21\bin\server\jvm.dll
0x00007ffd40580000 - 0x00007ffd405f1000 	C:\WINDOWS\System32\WS2_32.dll
0x00007ffd3d840000 - 0x00007ffd3d88d000 	C:\WINDOWS\SYSTEM32\POWRPROF.dll
0x00007ffd361f0000 - 0x00007ffd36224000 	C:\WINDOWS\SYSTEM32\WINMM.dll
0x00007ffd3d820000 - 0x00007ffd3d833000 	C:\WINDOWS\SYSTEM32\UMPDC.dll
0x00007ffd3dad0000 - 0x00007ffd3dae8000 	C:\WINDOWS\SYSTEM32\kernel.appcore.dll
0x00007ffd33470000 - 0x00007ffd3347a000 	C:\Program Files\Java\jdk-21\bin\jimage.dll
0x00007ffd39280000 - 0x00007ffd394b2000 	C:\WINDOWS\SYSTEM32\DBGHELP.DLL
0x00007ffd401f0000 - 0x00007ffd40580000 	C:\WINDOWS\System32\combase.dll
0x00007ffd40110000 - 0x00007ffd401e7000 	C:\WINDOWS\System32\OLEAUT32.dll
0x00007ffd32850000 - 0x00007ffd32882000 	C:\WINDOWS\SYSTEM32\dbgcore.DLL
0x00007ffd3eb50000 - 0x00007ffd3ebcb000 	C:\WINDOWS\System32\bcryptPrimitives.dll
0x00007ffd2cc90000 - 0x00007ffd2ccaf000 	C:\Program Files\Java\jdk-21\bin\java.dll

dbghelp: loaded successfully - version: 4.0.5 - missing functions: none
symbol engine: initialized successfully - sym options: 0x614 - pdb path: .;C:\Program Files\Java\jdk-21\bin;C:\WINDOWS\SYSTEM32;C:\WINDOWS\WinSxS\amd64_microsoft.windows.common-controls_6595b64144ccf1df_6.0.22621.4830_none_270fe7d773858e80;C:\Program Files\Java\jdk-21\bin\server

VM Arguments:
java_command: my_company.memoria.jogador.MenuJogador
java_class_path (initial): D:\GitHub\memoria-jogador\target\classes
Launcher Type: SUN_STANDARD

[Global flags]
     intx CICompilerCount                          = 4                                         {product} {ergonomic}
     uint ConcGCThreads                            = 3                                         {product} {ergonomic}
     uint G1ConcRefinementThreads                  = 10                                        {product} {ergonomic}
   size_t G1HeapRegionSize                         = 4194304                                   {product} {ergonomic}
    uintx GCDrainStackTargetSize                   = 64                                        {product} {ergonomic}
   size_t InitialHeapSize                          = 335544320                                 {product} {ergonomic}
   size_t MarkStackSize                            = 4194304                                   {product} {ergonomic}
   size_t MaxHeapSize                              = 5322571776                                {product} {ergonomic}
   size_t MinHeapDeltaBytes                        = 4194304                                   {product} {ergonomic}
   size_t MinHeapSize                              = 8388608                                   {product} {ergonomic}
    uintx NonNMethodCodeHeapSize                   = 5839372                                {pd product} {ergonomic}
    uintx NonProfiledCodeHeapSize                  = 122909434                              {pd product} {ergonomic}
    uintx ProfiledCodeHeapSize                     = 122909434                              {pd product} {ergonomic}
    uintx ReservedCodeCacheSize                    = 251658240                              {pd product} {ergonomic}
     bool SegmentedCodeCache                       = true                                      {product} {ergonomic}
   size_t SoftMaxHeapSize                          = 5322571776                             {manageable} {ergonomic}
     bool UseCompressedOops                        = true                           {product lp64_product} {ergonomic}
     bool UseG1GC                                  = true                                      {product} {ergonomic}
     bool UseLargePagesIndividualAllocation        = false                                  {pd product} {ergonomic}

Logging:
Log output configuration:
 #0: stdout all=warning uptime,level,tags foldmultilines=false
 #1: stderr all=off uptime,level,tags foldmultilines=false

Environment Variables:
JAVA_HOME=C:\Program Files\Java\jdk-21
PATH=C:\Program Files\Common Files\Oracle\Java\javapath;C:\Windows\system32;C:\Windows;C:\Windows\System32\Wbem;C:\Windows\System32\WindowsPowerShell\v1.0\;C:\Windows\System32\OpenSSH\;C:\Program Files (x86)\NVIDIA Corporation\PhysX\Common;C:\Program Files\NVIDIA Corporation\NVIDIA NvDLISR;C:\WINDOWS\system32;C:\WINDOWS;C:\WINDOWS\System32\Wbem;C:\WINDOWS\System32\WindowsPowerShell\v1.0\;C:\WINDOWS\System32\OpenSSH\;C:\Program Files\nodejs\;C:\Program Files\Git\cmd;C:\Program Files\dotnet\;C:\Program Files (x86)\Windows Kits\10\Windows Performance Toolkit\;C:\Users\pinhe\AppData\Local\Programs\Python\Python312\Scripts\;C:\Users\pinhe\AppData\Local\Programs\Python\Python312\;C:\Users\pinhe\AppData\Local\Microsoft\WindowsApps;C:\Users\pinhe\AppData\Roaming\npm;C:\Users\pinhe\AppData\Local\GitHubDesktop\bin;C:\Users\pinhe\AppData\Local\Programs\Microsoft VS Code\bin;C:\Users\pinhe\.dotnet\tools
USERNAME=pinhe
OS=Windows_NT
PROCESSOR_IDENTIFIER=Intel64 Family 6 Model 158 Stepping 10, GenuineIntel
TMP=C:\Users\pinhe\AppData\Local\Temp
TEMP=C:\Users\pinhe\AppData\Local\Temp




Periodic native trim disabled

---------------  S Y S T E M  ---------------

OS:
 Windows 11 , 64 bit Build 22621 (10.0.22621.4830)
OS uptime: 1 days 16:14 hours
Hyper-V role detected

CPU: total 12 (initial active 12) (6 cores per cpu, 2 threads per core) family 6 model 158 stepping 10 microcode 0xf0, cx8, cmov, fxsr, ht, mmx, 3dnowpref, sse, sse2, sse3, ssse3, sse4.1, sse4.2, popcnt, lzcnt, tsc, tscinvbit, avx, avx2, aes, erms, clmul, bmi1, bmi2, adx, fma, vzeroupper, clflush, clflushopt, hv, rdtscp, f16c
Processor Information for all 12 processors :
  Max Mhz: 2592, Current Mhz: 2592, Mhz Limit: 2592

Memory: 4k page, system-wide physical 20290M (4645M free)
TotalPageFile size 25975M (AvailPageFile size 31M)
current process WorkingSet (physical memory assigned to process): 11M, peak: 11M
current process commit charge ("private bytes"): 64M, peak: 384M

vm_info: Java HotSpot(TM) 64-Bit Server VM (21.0.4+8-LTS-274) for windows-amd64 JRE (21.0.4+8-LTS-274), built on 2024-06-05T05:23:33Z by "mach5one" with MS VC++ 17.6 (VS2022)

END.
